2019-12-28 17:15:11,576  INFO [main] Logger:31 - Setup property file nd read data from it
2019-12-28 17:15:15,174 DEBUG [Forwarding newSession on session null to remote] RequestAddCookies:123 - CookieSpec selected: default
2019-12-28 17:15:15,191 DEBUG [Forwarding newSession on session null to remote] RequestAuthCache:77 - Auth cache not set in the context
2019-12-28 17:15:15,193 DEBUG [Forwarding newSession on session null to remote] PoolingHttpClientConnectionManager:255 - Connection request: [route: {}->http://localhost:13518][total kept alive: 0; route allocated: 0 of 2000; total allocated: 0 of 2000]
2019-12-28 17:15:15,239 DEBUG [Forwarding newSession on session null to remote] PoolingHttpClientConnectionManager:288 - Connection leased: [id: 0][route: {}->http://localhost:13518][total kept alive: 0; route allocated: 1 of 2000; total allocated: 1 of 2000]
2019-12-28 17:15:15,241 DEBUG [Forwarding newSession on session null to remote] MainClientExec:235 - Opening connection {}->http://localhost:13518
2019-12-28 17:15:15,242 DEBUG [Forwarding newSession on session null to remote] DefaultHttpClientConnectionOperator:139 - Connecting to localhost/127.0.0.1:13518
2019-12-28 17:15:15,275 DEBUG [Forwarding newSession on session null to remote] DefaultHttpClientConnectionOperator:146 - Connection established 127.0.0.1:58658<->127.0.0.1:13518
2019-12-28 17:15:15,276 DEBUG [Forwarding newSession on session null to remote] DefaultManagedHttpClientConnection:88 - http-outgoing-0: set socket timeout to 10800000
2019-12-28 17:15:15,276 DEBUG [Forwarding newSession on session null to remote] MainClientExec:256 - Executing request POST /session HTTP/1.1
2019-12-28 17:15:15,276 DEBUG [Forwarding newSession on session null to remote] MainClientExec:261 - Target auth state: UNCHALLENGED
2019-12-28 17:15:15,278 DEBUG [Forwarding newSession on session null to remote] MainClientExec:267 - Proxy auth state: UNCHALLENGED
2019-12-28 17:15:15,279 DEBUG [Forwarding newSession on session null to remote] headers:133 - http-outgoing-0 >> POST /session HTTP/1.1
2019-12-28 17:15:15,280 DEBUG [Forwarding newSession on session null to remote] headers:136 - http-outgoing-0 >> Content-Type: application/json; charset=utf-8
2019-12-28 17:15:15,280 DEBUG [Forwarding newSession on session null to remote] headers:136 - http-outgoing-0 >> Content-Length: 335
2019-12-28 17:15:15,280 DEBUG [Forwarding newSession on session null to remote] headers:136 - http-outgoing-0 >> Host: localhost:13518
2019-12-28 17:15:15,281 DEBUG [Forwarding newSession on session null to remote] headers:136 - http-outgoing-0 >> Connection: Keep-Alive
2019-12-28 17:15:15,281 DEBUG [Forwarding newSession on session null to remote] headers:136 - http-outgoing-0 >> User-Agent: Apache-HttpClient/4.5.3 (Java/1.8.0_201)
2019-12-28 17:15:15,282 DEBUG [Forwarding newSession on session null to remote] headers:136 - http-outgoing-0 >> Accept-Encoding: gzip,deflate
2019-12-28 17:15:15,282 DEBUG [Forwarding newSession on session null to remote] wire:73 - http-outgoing-0 >> "POST /session HTTP/1.1[\r][\n]"
2019-12-28 17:15:15,282 DEBUG [Forwarding newSession on session null to remote] wire:73 - http-outgoing-0 >> "Content-Type: application/json; charset=utf-8[\r][\n]"
2019-12-28 17:15:15,283 DEBUG [Forwarding newSession on session null to remote] wire:73 - http-outgoing-0 >> "Content-Length: 335[\r][\n]"
2019-12-28 17:15:15,283 DEBUG [Forwarding newSession on session null to remote] wire:73 - http-outgoing-0 >> "Host: localhost:13518[\r][\n]"
2019-12-28 17:15:15,283 DEBUG [Forwarding newSession on session null to remote] wire:73 - http-outgoing-0 >> "Connection: Keep-Alive[\r][\n]"
2019-12-28 17:15:15,283 DEBUG [Forwarding newSession on session null to remote] wire:73 - http-outgoing-0 >> "User-Agent: Apache-HttpClient/4.5.3 (Java/1.8.0_201)[\r][\n]"
2019-12-28 17:15:15,284 DEBUG [Forwarding newSession on session null to remote] wire:73 - http-outgoing-0 >> "Accept-Encoding: gzip,deflate[\r][\n]"
2019-12-28 17:15:15,284 DEBUG [Forwarding newSession on session null to remote] wire:73 - http-outgoing-0 >> "[\r][\n]"
2019-12-28 17:15:15,284 DEBUG [Forwarding newSession on session null to remote] wire:73 - http-outgoing-0 >> "{[\n]"
2019-12-28 17:15:15,285 DEBUG [Forwarding newSession on session null to remote] wire:73 - http-outgoing-0 >> "  "desiredCapabilities": {"browserName":"chrome","goog:chromeOptions":{"args":[],"extensions":[]}},[\n]"
2019-12-28 17:15:15,285 DEBUG [Forwarding newSession on session null to remote] wire:73 - http-outgoing-0 >> "  "capabilities": {[\n]"
2019-12-28 17:15:15,286 DEBUG [Forwarding newSession on session null to remote] wire:73 - http-outgoing-0 >> "    "desiredCapabilities": {"browserName":"chrome","goog:chromeOptions":{"args":[],"extensions":[]}},[\n]"
2019-12-28 17:15:15,286 DEBUG [Forwarding newSession on session null to remote] wire:73 - http-outgoing-0 >> "    "firstMatch": [[\n]"
2019-12-28 17:15:15,286 DEBUG [Forwarding newSession on session null to remote] wire:73 - http-outgoing-0 >> "      {"browserName":"chrome","goog:chromeOptions":{"args":[],"extensions":[]}}[\n]"
2019-12-28 17:15:15,287 DEBUG [Forwarding newSession on session null to remote] wire:73 - http-outgoing-0 >> "    ][\n]"
2019-12-28 17:15:15,287 DEBUG [Forwarding newSession on session null to remote] wire:73 - http-outgoing-0 >> "  }[\n]"
2019-12-28 17:15:15,288 DEBUG [Forwarding newSession on session null to remote] wire:87 - http-outgoing-0 >> "}"
2019-12-28 17:15:18,293 DEBUG [Forwarding newSession on session null to remote] wire:73 - http-outgoing-0 << "HTTP/1.1 500 Internal Server Error[\r][\n]"
2019-12-28 17:15:18,293 DEBUG [Forwarding newSession on session null to remote] wire:73 - http-outgoing-0 << "Content-Length:1020[\r][\n]"
2019-12-28 17:15:18,294 DEBUG [Forwarding newSession on session null to remote] wire:73 - http-outgoing-0 << "Content-Type:application/json; charset=utf-8[\r][\n]"
2019-12-28 17:15:18,294 DEBUG [Forwarding newSession on session null to remote] wire:73 - http-outgoing-0 << "cache-control:no-cache[\r][\n]"
2019-12-28 17:15:18,295 DEBUG [Forwarding newSession on session null to remote] wire:73 - http-outgoing-0 << "[\r][\n]"
2019-12-28 17:15:18,295 DEBUG [Forwarding newSession on session null to remote] wire:87 - http-outgoing-0 << "{"value":{"error":"session not created","message":"session not created: This version of ChromeDriver only supports Chrome version 76","stacktrace":"Backtrace:\n\tOrdinal0 [0x01217C53+1473619]\n\tOrdinal0 [0x0119AD71+961905]\n\tOrdinal0 [0x011242B3+475827]\n\tOrdinal0 [0x010BF365+62309]\n\tOrdinal0 [0x010BBC77+48247]\n\tOrdinal0 [0x010D9149+168265]\n\tOrdinal0 [0x010D8D1D+167197]\n\tOrdinal0 [0x010D742B+160811]\n\tOrdinal0 [0x010C0AE6+68326]\n\tOrdinal0 [0x010C1BF0+72688]\n\tOrdinal0 [0x010C1B89+72585]\n\tOrdinal0 [0x011B4B37+1067831]\n\tGetHandleVerifier [0x012B6845+506677]\n\tGetHandleVerifier [0x012B65E0+506064]\n\tGetHandleVerifier [0x012BD188+533624]\n\tGetHandleVerifier [0x012B701A+508682]\n\tOrdinal0 [0x011AC226+1032742]\n\tOrdinal0 [0x011AC09F+1032351]\n\tOrdinal0 [0x011B6A4B+1075787]\n\tOrdinal0 [0x011B6BB3+1076147]\n\tOrdinal0 [0x011B5B65+1071973]\n\tBaseThreadInitThunk [0x75190419+25]\n\tRtlGetAppContainerNamedObjectPath [0x7763662D+237]\n\tRtlGetAppContainerNamedObjectPath [0x776365FD+189]\n"}}"
2019-12-28 17:15:18,299 DEBUG [Forwarding newSession on session null to remote] headers:122 - http-outgoing-0 << HTTP/1.1 500 Internal Server Error
2019-12-28 17:15:18,300 DEBUG [Forwarding newSession on session null to remote] headers:125 - http-outgoing-0 << Content-Length:1020
2019-12-28 17:15:18,300 DEBUG [Forwarding newSession on session null to remote] headers:125 - http-outgoing-0 << Content-Type:application/json; charset=utf-8
2019-12-28 17:15:18,301 DEBUG [Forwarding newSession on session null to remote] headers:125 - http-outgoing-0 << cache-control:no-cache
2019-12-28 17:15:18,337 DEBUG [Forwarding newSession on session null to remote] MainClientExec:285 - Connection can be kept alive indefinitely
2019-12-28 17:15:18,343 DEBUG [Forwarding newSession on session null to remote] PoolingHttpClientConnectionManager:320 - Connection [id: 0][route: {}->http://localhost:13518] can be kept alive indefinitely
2019-12-28 17:15:18,343 DEBUG [Forwarding newSession on session null to remote] PoolingHttpClientConnectionManager:326 - Connection released: [id: 0][route: {}->http://localhost:13518][total kept alive: 1; route allocated: 1 of 2000; total allocated: 1 of 2000]
